<?xml version="1.0" encoding="UTF-8"?>
<!-- Generated by org.testng.reporters.JUnitReportReporter -->
<testsuite hostname="LAPTOP-GJFA8BNB" failures="0" tests="2" name="testcases.AboutPage" time="8.088" errors="0" timestamp="2024-02-16T23:54:07 IST" skipped="0">
  <testcase classname="testcases.AboutPage" name="findCEO" time="5.019"/>
  <testcase classname="testcases.AboutPage" name="totalEmployees" time="3.069"/>
</testsuite> <!-- testcases.AboutPage -->
