<?xml version="1.0" encoding="UTF-8"?>
<!-- Generated by org.testng.reporters.JUnitReportReporter -->
<testsuite hostname="LAPTOP-GJFA8BNB" failures="0" tests="1" name="testcases.CareersPage" time="12.961" errors="0" timestamp="2024-02-16T23:54:07 IST" skipped="0">
  <testcase classname="testcases.CareersPage" name="searchJobs" time="12.961"/>
</testsuite> <!-- testcases.CareersPage -->
