<?xml version="1.0" encoding="UTF-8"?>
<!-- Generated by org.testng.reporters.JUnitReportReporter -->
<testsuite hostname="LAPTOP-GJFA8BNB" failures="0" tests="2" name="testcases.HomePage" time="51.454" errors="0" timestamp="2024-02-16T23:54:07 IST" skipped="0">
  <testcase classname="testcases.HomePage" name="industriesDomain" time="51.212"/>
  <testcase classname="testcases.HomePage" name="industries" time="0.242"/>
</testsuite> <!-- testcases.HomePage -->
