<?xml version="1.0" encoding="UTF-8"?>
<!-- Generated by org.testng.reporters.JUnitReportReporter -->
<testsuite hostname="LAPTOP-GJFA8BNB" failures="0" tests="2" name="testcases.HomePage" time="50.083" errors="0" timestamp="2024-02-17T00:33:25 IST" skipped="0">
  <testcase classname="testcases.HomePage" name="industries" time="0.325"/>
  <testcase classname="testcases.HomePage" name="industriesDomain" time="49.758"/>
</testsuite> <!-- testcases.HomePage -->
