<?xml version="1.0" encoding="UTF-8"?>
<!-- Generated by org.testng.reporters.JUnitReportReporter -->
<testsuite hostname="LAPTOP-GJFA8BNB" failures="0" tests="1" name="testcases.CareersPage" time="13.439" errors="0" timestamp="2024-02-17T00:33:25 IST" skipped="0">
  <testcase classname="testcases.CareersPage" name="searchJobs" time="13.439"/>
</testsuite> <!-- testcases.CareersPage -->
