<?xml version="1.0" encoding="UTF-8"?>
<!-- Generated by org.testng.reporters.JUnitReportReporter -->
<testsuite hostname="LAPTOP-GJFA8BNB" failures="0" tests="2" name="testcases.AboutPage" time="7.948" errors="0" timestamp="2024-02-17T00:33:25 IST" skipped="0">
  <testcase classname="testcases.AboutPage" name="findCEO" time="4.900"/>
  <testcase classname="testcases.AboutPage" name="totalEmployees" time="3.048"/>
</testsuite> <!-- testcases.AboutPage -->
